<?xml version="1.0" encoding="UTF-8"?>
<testng-results ignored="0" total="1" passed="1" failed="0" skipped="0">
  <reporter-output>
  </reporter-output>
  <suite started-at="2021-04-08T02:26:58Z" name="BDD Test Suite" finished-at="2021-04-08T02:27:14Z" duration-ms="15811">
    <groups>
      <group name="cucumber">
        <method signature="TestRunner.feature(cucumber.api.testng.CucumberFeatureWrapper)[pri:0, instance:MyRunner.TestRunner@7364985f]" name="feature" class="MyRunner.TestRunner"/>
      </group> <!-- cucumber -->
    </groups>
    <test started-at="2021-04-08T02:26:58Z" name="Flipkart Login Test" finished-at="2021-04-08T02:27:14Z" duration-ms="15811">
      <class name="MyRunner.TestRunner">
        <test-method is-config="true" signature="setUpClass()[pri:0, instance:MyRunner.TestRunner@7364985f]" started-at="2021-04-08T02:26:58Z" name="setUpClass" finished-at="2021-04-08T02:26:58Z" duration-ms="241" status="PASS">
          <reporter-output>
          </reporter-output>
        </test-method> <!-- setUpClass -->
        <test-method signature="feature(cucumber.api.testng.CucumberFeatureWrapper)[pri:0, instance:MyRunner.TestRunner@7364985f]" started-at="2021-04-08T02:26:58Z" name="feature" description="Runs Cucumber Feature" data-provider="features" finished-at="2021-04-08T02:27:14Z" duration-ms="15427" status="PASS">
          <params>
            <param index="0">
              <value>
                <![CDATA[Flipkart login Test]]>
              </value>
            </param>
          </params>
          <reporter-output>
          </reporter-output>
        </test-method> <!-- feature -->
        <test-method is-config="true" signature="tearDownClass()[pri:0, instance:MyRunner.TestRunner@7364985f]" started-at="2021-04-08T02:27:14Z" name="tearDownClass" finished-at="2021-04-08T02:27:14Z" duration-ms="29" status="PASS">
          <reporter-output>
          </reporter-output>
        </test-method> <!-- tearDownClass -->
      </class> <!-- MyRunner.TestRunner -->
    </test> <!-- Flipkart Login Test -->
  </suite> <!-- BDD Test Suite -->
</testng-results>
