<?xml version="1.0" encoding="UTF-8"?>
<testng-results ignored="0" total="1" passed="1" failed="0" skipped="0">
  <reporter-output>
  </reporter-output>
  <suite started-at="2021-04-08T02:24:03Z" name="BDD Test Suite" finished-at="2021-04-08T02:24:24Z" duration-ms="20904">
    <groups>
      <group name="cucumber">
        <method signature="TestRunner.feature(cucumber.api.testng.CucumberFeatureWrapper)[pri:0, instance:MyRunner.TestRunner@c03cf28]" name="feature" class="MyRunner.TestRunner"/>
      </group> <!-- cucumber -->
    </groups>
    <test started-at="2021-04-08T02:24:03Z" name="Flipkart Login Test" finished-at="2021-04-08T02:24:24Z" duration-ms="20904">
      <class name="MyRunner.TestRunner">
        <test-method is-config="true" signature="setUpClass()[pri:0, instance:MyRunner.TestRunner@c03cf28]" started-at="2021-04-08T02:24:03Z" name="setUpClass" finished-at="2021-04-08T02:24:03Z" duration-ms="279" status="PASS">
          <reporter-output>
          </reporter-output>
        </test-method> <!-- setUpClass -->
        <test-method signature="feature(cucumber.api.testng.CucumberFeatureWrapper)[pri:0, instance:MyRunner.TestRunner@c03cf28]" started-at="2021-04-08T02:24:03Z" name="feature" description="Runs Cucumber Feature" data-provider="features" finished-at="2021-04-08T02:24:24Z" duration-ms="20484" status="PASS">
          <params>
            <param index="0">
              <value>
                <![CDATA[Flipkart login Test]]>
              </value>
            </param>
          </params>
          <reporter-output>
          </reporter-output>
        </test-method> <!-- feature -->
        <test-method is-config="true" signature="tearDownClass()[pri:0, instance:MyRunner.TestRunner@c03cf28]" started-at="2021-04-08T02:24:24Z" name="tearDownClass" finished-at="2021-04-08T02:24:24Z" duration-ms="32" status="PASS">
          <reporter-output>
          </reporter-output>
        </test-method> <!-- tearDownClass -->
      </class> <!-- MyRunner.TestRunner -->
    </test> <!-- Flipkart Login Test -->
  </suite> <!-- BDD Test Suite -->
</testng-results>
